<?xml version="1.0" encoding="UTF-8"?>
<testsuite xmlns:xsi="http://www.w3.org/2001/XMLSchema-instance" xsi:noNamespaceSchemaLocation="https://maven.apache.org/surefire/maven-surefire-plugin/xsd/surefire-test-report-3.0.xsd" version="3.0" name="MealAPITest" time="1.248" tests="4" errors="0" skipped="0" failures="0">
  <properties>
[...]
</properties>
  <testcase name="testDiscoveryAPI" classname="MealAPITest" time="0.799">
    <system-out><![CDATA[Ribollita
]]></system-out>
    <system-err><![CDATA[SLF4J: Failed to load class "org.slf4j.impl.StaticLoggerBinder".
SLF4J: Defaulting to no-operation (NOP) logger implementation
SLF4J: See http://www.slf4j.org/codes.html#StaticLoggerBinder for further details.
]]></system-err>
  </testcase>
  <testcase name="testSearchAPI" classname="MealAPITest" time="0.172">
    <system-out><![CDATA[Carrot Cake
]]></system-out>
  </testcase>
  <testcase name="testDiscoveryAPIbyRecipe" classname="MealAPITest" time="0.113">
    <system-out><![CDATA[Teriyaki Chicken Casserole
]]></system-out>
  </testcase>
  <testcase name="testDiscoveryAPIbyName" classname="MealAPITest" time="0.115">
    <system-out><![CDATA[Spicy Arrabiata Penne
]]></system-out>
  </testcase>
</testsuite>